<?xml version="1.0" encoding="UTF-8"?>
<!-- Generated by org.testng.reporters.JUnitReportReporter -->
<testsuite hostname="DESKTOP-E57MT6J" failures="0" tests="1" name="tests.RegistrationTest" time="157.330" errors="0" timestamp="2020-04-03T01:08:50 CEST" skipped="0">
  <testcase classname="tests.RegistrationTest" name="testN_register" time="157.330"/>
  <system-out/>
</testsuite> <!-- tests.RegistrationTest -->
