<?xml version="1.0" encoding="UTF-8"?>
<!-- Generated by org.testng.reporters.JUnitReportReporter -->
<testsuite hostname="DESKTOP-E57MT6J" failures="0" tests="3" name="tests.HomePageTest" time="31.509" errors="0" timestamp="2020-04-03T18:24:16 CEST" skipped="0">
  <testcase classname="tests.HomePageTest" name="test02DressBtn" time="6.680"/>
  <system-out/>
  <testcase classname="tests.HomePageTest" name="test03SameURL" time="12.908"/>
  <system-out/>
  <testcase classname="tests.HomePageTest" name="test01WomenBtn" time="11.921"/>
  <system-out/>
</testsuite> <!-- tests.HomePageTest -->
