<?xml version="1.0" encoding="UTF-8"?>
<!-- Generated by org.testng.reporters.JUnitReportReporter -->
<testsuite hostname="DESKTOP-E57MT6J" failures="0" tests="3" name="tests.HomePageTest" time="28.276" errors="0" timestamp="2020-04-03T01:08:51 CEST" skipped="0">
  <testcase classname="tests.HomePageTest" name="test02DressBtn" time="6.775"/>
  <system-out/>
  <testcase classname="tests.HomePageTest" name="test01WomenBtn" time="9.214"/>
  <system-out/>
  <testcase classname="tests.HomePageTest" name="test03SameURL" time="12.287"/>
  <system-out/>
</testsuite> <!-- tests.HomePageTest -->
